[INFO ] 2022-07-13 18:20:52.346 [main] Log - połoczone
[INFO ] 2022-07-13 18:20:52.376 [main] Log - Test suite is starting ecommerce-selenium
[INFO ] 2022-07-13 18:20:52.440 [main] Log - failLoginToShop test is starting.
[INFO ] 2022-07-13 18:21:07.768 [main] Log - failLoginToShop test is succeed.
[INFO ] 2022-07-13 18:21:07.773 [main] Log - sentContactFormCorrectly test is starting.
[INFO ] 2022-07-13 18:21:14.161 [main] Log - sentContactFormCorrectly test is succeed.
[INFO ] 2022-07-13 18:21:14.163 [main] Log - addNewUserAndFirstLogin test is starting.
[INFO ] 2022-07-13 18:21:16.939 [main] Log - email adress used to registration: krzysztof.zaremba@yahoo.com
[INFO ] 2022-07-13 18:21:20.324 [main] Log - Password used to registration: aitnkj
[INFO ] 2022-07-13 18:22:29.041 [main] Log - addNewUserAndFirstLogin test is succeed.
[INFO ] 2022-07-13 18:22:29.043 [main] Log - addProductToCartBeforeLogin test is starting.
[INFO ] 2022-07-13 18:22:29.113 [main] Log - addProductToCartBeforeLogin test is failed.
[INFO ] 2022-07-13 18:22:32.124 [main] Log - Test suite is Finished ecommerce-selenium
[INFO ] 2022-07-13 18:22:32.441 [main] Log - rozłączono
[INFO ] 2022-07-13 18:43:13.177 [main] Log - Test suite is starting ecommerce-selenium
[INFO ] 2022-07-13 18:43:13.255 [main] Log - failLoginToShop test is starting.
[INFO ] 2022-07-13 18:43:13.255 [main] Log - failLoginToShop test is skipped.
[INFO ] 2022-07-13 18:43:13.260 [main] Log - sentContactFormCorrectly test is starting.
[INFO ] 2022-07-13 18:43:13.261 [main] Log - sentContactFormCorrectly test is skipped.
[INFO ] 2022-07-13 18:43:13.262 [main] Log - addNewUserAndFirstLogin test is starting.
[INFO ] 2022-07-13 18:43:13.263 [main] Log - addNewUserAndFirstLogin test is skipped.
[INFO ] 2022-07-13 18:43:13.264 [main] Log - addProductToCartBeforeLogin test is starting.
[INFO ] 2022-07-13 18:43:13.265 [main] Log - addProductToCartBeforeLogin test is skipped.
[INFO ] 2022-07-13 18:43:13.267 [main] Log - Test suite is Finished ecommerce-selenium
